Copyright 1986-2023 Xilinx, Inc. All Rights Reserved.
---------------------------------------------------------------------------------------------------
| Tool Version : Vivado v.2022.2.2 (lin64) Build 3788238 Tue Feb 21 19:59:23 MST 2023
| Date         : Sat Oct 19 17:31:12 2024
| Host         : tony running 64-bit Red Hat Enterprise Linux release 8.10 (Ootpa)
| Command      : report_utilization -file top_utilization_placed.rpt -pb top_utilization_placed.pb
| Design       : top
| Device       : xc7z020clg400-1
| Speed File   : -1
| Design State : Fully Placed
---------------------------------------------------------------------------------------------------

Utilization Design Information

Table of Contents
-----------------
1. Slice Logic
1.1 Summary of Registers by Type
2. Slice Logic Distribution
3. Memory
4. DSP
5. IO and GT Specific
6. Clocking
7. Specific Feature
8. Primitives
9. Black Boxes
10. Instantiated Netlists

1. Slice Logic
--------------

+-------------------------+------+-------+------------+-----------+-------+
|        Site Type        | Used | Fixed | Prohibited | Available | Util% |
+-------------------------+------+-------+------------+-----------+-------+
| Slice LUTs              | 1346 |     0 |          0 |     53200 |  2.53 |
|   LUT as Logic          | 1346 |     0 |          0 |     53200 |  2.53 |
|   LUT as Memory         |    0 |     0 |          0 |     17400 |  0.00 |
| Slice Registers         | 1094 |     0 |          0 |    106400 |  1.03 |
|   Register as Flip Flop | 1060 |     0 |          0 |    106400 |  1.00 |
|   Register as Latch     |   34 |     0 |          0 |    106400 |  0.03 |
| F7 Muxes                |  237 |     0 |          0 |     26600 |  0.89 |
| F8 Muxes                |   55 |     0 |          0 |     13300 |  0.41 |
+-------------------------+------+-------+------------+-----------+-------+
* Warning! LUT value is adjusted to account for LUT combining.


1.1 Summary of Registers by Type
--------------------------------

+-------+--------------+-------------+--------------+
| Total | Clock Enable | Synchronous | Asynchronous |
+-------+--------------+-------------+--------------+
| 0     |            _ |           - |            - |
| 0     |            _ |           - |          Set |
| 0     |            _ |           - |        Reset |
| 0     |            _ |         Set |            - |
| 0     |            _ |       Reset |            - |
| 0     |          Yes |           - |            - |
| 0     |          Yes |           - |          Set |
| 102   |          Yes |           - |        Reset |
| 0     |          Yes |         Set |            - |
| 992   |          Yes |       Reset |            - |
+-------+--------------+-------------+--------------+


2. Slice Logic Distribution
---------------------------

+--------------------------------------------+------+-------+------------+-----------+-------+
|                  Site Type                 | Used | Fixed | Prohibited | Available | Util% |
+--------------------------------------------+------+-------+------------+-----------+-------+
| Slice                                      |  549 |     0 |          0 |     13300 |  4.13 |
|   SLICEL                                   |  355 |     0 |            |           |       |
|   SLICEM                                   |  194 |     0 |            |           |       |
| LUT as Logic                               | 1346 |     0 |          0 |     53200 |  2.53 |
|   using O5 output only                     |    1 |       |            |           |       |
|   using O6 output only                     | 1335 |       |            |           |       |
|   using O5 and O6                          |   10 |       |            |           |       |
| LUT as Memory                              |    0 |     0 |          0 |     17400 |  0.00 |
|   LUT as Distributed RAM                   |    0 |     0 |            |           |       |
|   LUT as Shift Register                    |    0 |     0 |            |           |       |
| Slice Registers                            | 1094 |     0 |          0 |    106400 |  1.03 |
|   Register driven from within the Slice    |   71 |       |            |           |       |
|   Register driven from outside the Slice   | 1023 |       |            |           |       |
|     LUT in front of the register is unused |  496 |       |            |           |       |
|     LUT in front of the register is used   |  527 |       |            |           |       |
| Unique Control Sets                        |   35 |       |          0 |     13300 |  0.26 |
+--------------------------------------------+------+-------+------------+-----------+-------+
* * Note: Available Control Sets calculated as Slice * 1, Review the Control Sets Report for more information regarding control sets.


3. Memory
---------

+-------------------+------+-------+------------+-----------+-------+
|     Site Type     | Used | Fixed | Prohibited | Available | Util% |
+-------------------+------+-------+------------+-----------+-------+
| Block RAM Tile    |    4 |     0 |          0 |       140 |  2.86 |
|   RAMB36/FIFO*    |    4 |     0 |          0 |       140 |  2.86 |
|     RAMB36E1 only |    4 |       |            |           |       |
|   RAMB18          |    0 |     0 |          0 |       280 |  0.00 |
+-------------------+------+-------+------------+-----------+-------+
* Note: Each Block RAM Tile only has one FIFO logic available and therefore can accommodate only one FIFO36E1 or one FIFO18E1. However, if a FIFO18E1 occupies a Block RAM Tile, that tile can still accommodate a RAMB18E1


4. DSP
------

+-----------+------+-------+------------+-----------+-------+
| Site Type | Used | Fixed | Prohibited | Available | Util% |
+-----------+------+-------+------------+-----------+-------+
| DSPs      |    0 |     0 |          0 |       220 |  0.00 |
+-----------+------+-------+------------+-----------+-------+


5. IO and GT Specific
---------------------

+-----------------------------+------+-------+------------+-----------+-------+
|          Site Type          | Used | Fixed | Prohibited | Available | Util% |
+-----------------------------+------+-------+------------+-----------+-------+
| Bonded IOB                  |    3 |     3 |          0 |       125 |  2.40 |
|   IOB Master Pads           |    3 |       |            |           |       |
|   IOB Slave Pads            |    0 |       |            |           |       |
| Bonded IPADs                |    0 |     0 |          0 |         2 |  0.00 |
| Bonded IOPADs               |    0 |     0 |          0 |       130 |  0.00 |
| PHY_CONTROL                 |    0 |     0 |          0 |         4 |  0.00 |
| PHASER_REF                  |    0 |     0 |          0 |         4 |  0.00 |
| OUT_FIFO                    |    0 |     0 |          0 |        16 |  0.00 |
| IN_FIFO                     |    0 |     0 |          0 |        16 |  0.00 |
| IDELAYCTRL                  |    0 |     0 |          0 |         4 |  0.00 |
| IBUFDS                      |    0 |     0 |          0 |       121 |  0.00 |
| PHASER_OUT/PHASER_OUT_PHY   |    0 |     0 |          0 |        16 |  0.00 |
| PHASER_IN/PHASER_IN_PHY     |    0 |     0 |          0 |        16 |  0.00 |
| IDELAYE2/IDELAYE2_FINEDELAY |    0 |     0 |          0 |       200 |  0.00 |
| ILOGIC                      |    0 |     0 |          0 |       125 |  0.00 |
| OLOGIC                      |    0 |     0 |          0 |       125 |  0.00 |
+-----------------------------+------+-------+------------+-----------+-------+


6. Clocking
-----------

+------------+------+-------+------------+-----------+-------+
|  Site Type | Used | Fixed | Prohibited | Available | Util% |
+------------+------+-------+------------+-----------+-------+
| BUFGCTRL   |    3 |     0 |          0 |        32 |  9.38 |
| BUFIO      |    0 |     0 |          0 |        16 |  0.00 |
| MMCME2_ADV |    1 |     0 |          0 |         4 | 25.00 |
| PLLE2_ADV  |    0 |     0 |          0 |         4 |  0.00 |
| BUFMRCE    |    0 |     0 |          0 |         8 |  0.00 |
| BUFHCE     |    0 |     0 |          0 |        72 |  0.00 |
| BUFR       |    0 |     0 |          0 |        16 |  0.00 |
+------------+------+-------+------------+-----------+-------+


7. Specific Feature
-------------------

+-------------+------+-------+------------+-----------+-------+
|  Site Type  | Used | Fixed | Prohibited | Available | Util% |
+-------------+------+-------+------------+-----------+-------+
| BSCANE2     |    0 |     0 |          0 |         4 |  0.00 |
| CAPTUREE2   |    0 |     0 |          0 |         1 |  0.00 |
| DNA_PORT    |    0 |     0 |          0 |         1 |  0.00 |
| EFUSE_USR   |    0 |     0 |          0 |         1 |  0.00 |
| FRAME_ECCE2 |    0 |     0 |          0 |         1 |  0.00 |
| ICAPE2      |    0 |     0 |          0 |         2 |  0.00 |
| STARTUPE2   |    0 |     0 |          0 |         1 |  0.00 |
| XADC        |    0 |     0 |          0 |         1 |  0.00 |
+-------------+------+-------+------------+-----------+-------+


8. Primitives
-------------

+------------+------+---------------------+
|  Ref Name  | Used | Functional Category |
+------------+------+---------------------+
| FDRE       |  992 |        Flop & Latch |
| LUT6       |  949 |                 LUT |
| MUXF7      |  237 |               MuxFx |
| LUT5       |  196 |                 LUT |
| LUT3       |   80 |                 LUT |
| LUT4       |   77 |                 LUT |
| FDCE       |   68 |        Flop & Latch |
| MUXF8      |   55 |               MuxFx |
| LUT2       |   53 |                 LUT |
| LDCE       |   34 |        Flop & Latch |
| CARRY4     |    8 |          CarryLogic |
| RAMB36E1   |    4 |        Block Memory |
| BUFG       |    3 |               Clock |
| IBUF       |    2 |                  IO |
| OBUF       |    1 |                  IO |
| MMCME2_ADV |    1 |               Clock |
| LUT1       |    1 |                 LUT |
+------------+------+---------------------+


9. Black Boxes
--------------

+----------+------+
| Ref Name | Used |
+----------+------+


10. Instantiated Netlists
-------------------------

+----------------+------+
|    Ref Name    | Used |
+----------------+------+
| tdpram_4096x32 |    1 |
| clk_wiz_0      |    1 |
+----------------+------+


