#
# An unexpected error has occurred (11)
#
Stack:
/home/tony/tools/xilinx/Vivado/2022.2/tps/lnx64/jre11.0.11_9/lib//server/libjvm.so(+0xbefecb) [0x7fcd64f72ecb]
/home/tony/tools/xilinx/Vivado/2022.2/tps/lnx64/jre11.0.11_9/lib//server/libjvm.so(JVM_handle_linux_signal+0xd1) [0x7fcd64f79c81]
/home/tony/tools/xilinx/Vivado/2022.2/tps/lnx64/jre11.0.11_9/lib//server/libjvm.so(+0xbead23) [0x7fcd64f6dd23]
/lib64/libc.so.6(+0x4e5b0) [0x7fcdaf3ae5b0]
/home/tony/tools/xilinx/Vivado/2022.2/lib/lnx64.o/libtcmalloc.so.4(tcmalloc::CentralFreeList::FetchFromOneSpans(int, void**, void**)+0x33) [0x7fcdb109d1e3]
/home/tony/tools/xilinx/Vivado/2022.2/lib/lnx64.o/libtcmalloc.so.4(tcmalloc::CentralFreeList::FetchFromOneSpansSafe(int, void**, void**)+0x1c) [0x7fcdb109d4bc]
/home/tony/tools/xilinx/Vivado/2022.2/lib/lnx64.o/libtcmalloc.so.4(tcmalloc::CentralFreeList::RemoveRange(void**, void**, int)+0x61) [0x7fcdb109d561]
/home/tony/tools/xilinx/Vivado/2022.2/lib/lnx64.o/libtcmalloc.so.4(tcmalloc::ThreadCache::FetchFromCentralCache(unsigned long, unsigned long)+0x5d) [0x7fcdb10a07fd]
/home/tony/tools/xilinx/Vivado/2022.2/lib/lnx64.o/libtcmalloc.so.4(operator new(unsigned long)+0x263) [0x7fcdb10b36c3]
/home/tony/tools/xilinx/Vivado/2022.2/lib/lnx64.o/librdi_wavedata.so(+0x27dfae) [0x7fcd74a17fae]
/home/tony/tools/xilinx/Vivado/2022.2/lib/lnx64.o/librdi_wavedata.so(SimBridge::DataObjFactory::createDataObj(SimBridge::IType const*, std::__cxx11::basic_string<char, std::char_traits<char>, std::allocator<char> > const&, int, SimBridge::Object const*, SimBridge::IPortType const*, SimBridge::Radix const*)+0x50a) [0x7fcd74a0c4da]
/home/tony/tools/xilinx/Vivado/2022.2/lib/lnx64.o/librdi_wavedata.so(SimBridge::DbgReaderImp::readObject(unsigned int, SimBridge::BlockObj*)+0x298) [0x7fcd74a54cc8]
/home/tony/tools/xilinx/Vivado/2022.2/lib/lnx64.o/librdi_wavedata.so(SimBridge::DbgReaderImp::readBlock(unsigned int, SimBridge::BlockObj*)+0x38b) [0x7fcd74a559ab]
/home/tony/tools/xilinx/Vivado/2022.2/lib/lnx64.o/librdi_wavedata.so(SimBridge::DbgReaderImp::readBlock(unsigned int, SimBridge::BlockObj*)+0x40b) [0x7fcd74a55a2b]
/home/tony/tools/xilinx/Vivado/2022.2/lib/lnx64.o/librdi_wavedata.so(SimBridge::DbgReaderImp::readBlock(unsigned int, SimBridge::BlockObj*)+0x40b) [0x7fcd74a55a2b]
/home/tony/tools/xilinx/Vivado/2022.2/lib/lnx64.o/librdi_wavedata.so(SimBridge::DbgReaderImp::readBlock(unsigned int, SimBridge::BlockObj*)+0x40b) [0x7fcd74a55a2b]
/home/tony/tools/xilinx/Vivado/2022.2/lib/lnx64.o/librdi_wavedata.so(SimBridge::DbgReaderImp::readDbgFile()+0x4ac) [0x7fcd74a55fdc]
/home/tony/tools/xilinx/Vivado/2022.2/lib/lnx64.o/librdi_wavedata.so(SimBridge::DbgReader::readDbgFile(std::__cxx11::basic_string<char, std::char_traits<char>, std::allocator<char> > const&, std::__cxx11::basic_string<char, std::char_traits<char>, std::allocator<char> > const&, bool)+0x30) [0x7fcd74a56230]
/home/tony/tools/xilinx/Vivado/2022.2/lib/lnx64.o/librdi_wavedata.so(+0x29800c) [0x7fcd74a3200c]
/home/tony/tools/xilinx/Vivado/2022.2/lib/lnx64.o/librdi_wavedata.so(SimBridge::DataReader::getRootObject() const+0x2c) [0x7fcd74a2acec]
/home/tony/tools/xilinx/Vivado/2022.2/lib/lnx64.o/librdi_wavedata.so(SimBridge::DesignOnlySimClient::DesignOnlySimClient(std::__cxx11::basic_string<char, std::char_traits<char>, std::allocator<char> > const&)+0xd3) [0x7fcd74a82f13]
/home/tony/tools/xilinx/Vivado/2022.2/lib/lnx64.o/librdi_wavedata.so(SG_Model::LiveDatabase::convertToStatic(bool)+0x13d) [0x7fcd74ac533d]
/home/tony/tools/xilinx/Vivado/2022.2/lib/lnx64.o/librdi_simdata.so(RSDData::RSDLiveSimulationObject::convertToStatic()+0xf0) [0x7fcd7ca31b60]
/home/tony/tools/xilinx/Vivado/2022.2/lib/lnx64.o/librdi_simtcltasks.so(+0x22a967) [0x7fcd2a6f2967]
/home/tony/tools/xilinx/Vivado/2022.2/lib/lnx64.o/librdi_common.so(+0xb9430f) [0x7fcdb086430f]
/home/tony/tools/xilinx/Vivado/2022.2/lib/lnx64.o/libtcl8.5.so(+0x3356f) [0x7fcdaadd756f]
/home/tony/tools/xilinx/Vivado/2022.2/lib/lnx64.o/libtcl8.5.so(+0x76945) [0x7fcdaae1a945]
/home/tony/tools/xilinx/Vivado/2022.2/lib/lnx64.o/libtcl8.5.so(+0x7e0f9) [0x7fcdaae220f9]
/home/tony/tools/xilinx/Vivado/2022.2/lib/lnx64.o/libtcl8.5.so(TclEvalObjEx+0x76) [0x7fcdaadd9216]
/home/tony/tools/xilinx/Vivado/2022.2/lib/lnx64.o/librdi_common.so(hdi::tcltasks::task_manager::eval_in_tcl(Tcl_Interp*, Tcl_Obj*, char const*, bool)+0x7ad) [0x7fcdb08626fd]
/home/tony/tools/xilinx/Vivado/2022.2/lib/lnx64.o/librdi_common.so(hdi::tcltasks::task_manager::eval_in_tcl(Tcl_Interp*, char const*, char const*, bool)+0xda) [0x7fcdb0862d4a]
/home/tony/tools/xilinx/Vivado/2022.2/lib/lnx64.o/librdi_common.so(hdi::tcltasks::task_manager::eval_in_tcl_throw(Tcl_Interp*, char const*, char const*, bool)+0x9) [0x7fcdb0862dd9]
/home/tony/tools/xilinx/Vivado/2022.2/lib/lnx64.o/librdi_simtcltasks.so(+0x20ed76) [0x7fcd2a6d6d76]
/home/tony/tools/xilinx/Vivado/2022.2/lib/lnx64.o/librdi_common.so(+0xb9430f) [0x7fcdb086430f]
/home/tony/tools/xilinx/Vivado/2022.2/lib/lnx64.o/libtcl8.5.so(+0x3356f) [0x7fcdaadd756f]
/home/tony/tools/xilinx/Vivado/2022.2/lib/lnx64.o/libtcl8.5.so(+0x76945) [0x7fcdaae1a945]
/home/tony/tools/xilinx/Vivado/2022.2/lib/lnx64.o/libtcl8.5.so(+0x7e0f9) [0x7fcdaae220f9]
/home/tony/tools/xilinx/Vivado/2022.2/lib/lnx64.o/libtcl8.5.so(TclEvalObjEx+0x76) [0x7fcdaadd9216]
/home/tony/tools/xilinx/Vivado/2022.2/lib/lnx64.o/librdi_common.so(+0xb91c33) [0x7fcdb0861c33]
/home/tony/tools/xilinx/Vivado/2022.2/lib/lnx64.o/libtcl8.5.so(Tcl_ServiceEvent+0x7f) [0x7fcdaae4bbef]
/home/tony/tools/xilinx/Vivado/2022.2/lib/lnx64.o/libtcl8.5.so(Tcl_DoOneEvent+0x154) [0x7fcdaae4bf24]
/home/tony/tools/xilinx/Vivado/2022.2/lib/lnx64.o/librdi_commontasks.so(+0x2b3c27) [0x7fcd97824c27]
/home/tony/tools/xilinx/Vivado/2022.2/lib/lnx64.o/librdi_commontasks.so(+0x2bc4f7) [0x7fcd9782d4f7]
/home/tony/tools/xilinx/Vivado/2022.2/lib/lnx64.o/librdi_commontasks.so(+0x2bcdff) [0x7fcd9782ddff]
/home/tony/tools/xilinx/Vivado/2022.2/lib/lnx64.o/librdi_common.so(+0xb9430f) [0x7fcdb086430f]
/home/tony/tools/xilinx/Vivado/2022.2/lib/lnx64.o/libtcl8.5.so(+0x3356f) [0x7fcdaadd756f]
/home/tony/tools/xilinx/Vivado/2022.2/lib/lnx64.o/libtcl8.5.so(+0x76945) [0x7fcdaae1a945]
/home/tony/tools/xilinx/Vivado/2022.2/lib/lnx64.o/libtcl8.5.so(+0x7e0f9) [0x7fcdaae220f9]
/home/tony/tools/xilinx/Vivado/2022.2/lib/lnx64.o/libtcl8.5.so(TclEvalObjEx+0x76) [0x7fcdaadd9216]
/home/tony/tools/xilinx/Vivado/2022.2/lib/lnx64.o/librdi_commonmain.so(+0xc3d8) [0x7fcdb150c3d8]
/home/tony/tools/xilinx/Vivado/2022.2/lib/lnx64.o/libtcl8.5.so(Tcl_Main+0x1d0) [0x7fcdaae442f0]
/home/tony/tools/xilinx/Vivado/2022.2/lib/lnx64.o/librdi_common.so(+0xbc17ab) [0x7fcdb08917ab]
/lib64/libpthread.so.0(+0x81ca) [0x7fcdaf1481ca]
/lib64/libc.so.6(clone+0x43) [0x7fcdaf3998d3]
